               .deffile adi_defs.asm
               .deffile ddi_defs.asm
               .deffile reg_defs.asm
               .deffile sce_defs.asm
               
               ; Number of supported tasks
               .define TASK_COUNT      1
               
               ; Resource-specified definitions, if any
               .define AUXIO_I2C_SCL           11
               .define AUXIO_I2C_SDA           10
               .define I2C_BASE_DELAY          55
               .define I2C_EXT_DELAY           4
               .define I2C_STRETCH_TIMEOUT_US  10
               .define I2C_WAIT_STRETCH_DELAY  5
               .alias  i2cTaskName             readData
               
               
               .segment begin "Framework"
               
               
               VectorTable:
0000 ---- 1408                         jsr         PowerUp
0001 ---- 040c                         jmp         TaskCtrlReqVector
0002 ---- 1408                         jsr         PowerUp
0003 ---- 042c                         jmp         AonRtcCh2Vector
0004 ---- 1408                         jsr         PowerUp
0005 ---- 0447                         jmp         Event0Vector
0006 ---- 1408                         jsr         PowerUp
0007 ---- 044d                         jmp         TaskAlertAckVector
               
               
               
               
               PowerUp:
                                       ; Deassert the power-down request
0008 ---- 4436                         iobclr      #0, [#IOP_WUC_PWRDWNREQ]
               
                                       ; Wait for it to take effect
0009 ---- 2437 /waitForPdAck:          iobtst      #0, [#IOP_WUC_PWRDWNACK]
000a ---- aefe                         biob1       /waitForPdAck
               
               FwEmptyFunc:            ; Done
000b ---- adb7                         rts
               
               
               
               
               TaskCtrlReqVector:
                                       ; Clear the vector flag
000c ---- 6442                         iobset      #0, [#IOP_EVCTL_VECFLAGSCLR]
               
                                       ; For each task ...
000d ---- 7000                         ld          R7, #0
               /loop:
                                           ; Save the task ID
000e ---- 7c6b                             st          R7, [#fwCtrlInt/taskId]
               
                                           ; Handle initialize request, if any
000f ---- 6871                             ld          R6, [#fwCtrlExt/bvTaskInitializeReq]
0010 ---- 0068                             ld          R0, #pFwTaskInitializeFuncTable
0011 ---- 1425                             jsr         /handleReq
               
                                           ; Handle execute request, if any
0012 ---- 6872                             ld          R6, [#fwCtrlExt/bvTaskExecuteReq]
0013 ---- 0069                             ld          R0, #pFwTaskExecuteFuncTable
0014 ---- 1425                             jsr         /handleReq
               
                                           ; Handle terminate request, if any
0015 ---- 6873                             ld          R6, [#fwCtrlExt/bvTaskTerminateReq]
0016 ---- 006a                             ld          R0, #pFwTaskTerminateFuncTable
0017 ---- 1425                             jsr         /handleReq
               
                                           ; Move on to the next task
0018 ---- 786b                             ld          R7, [#fwCtrlInt/taskId]
0019 ---- f801                             add         R7, #1
               
001a ---- fa01                         cmp         R7, #TASK_COUNT
001b ---- bef2                         bneq        /loop
               
                                       ; Update which tasks are ...
001c ---- 786f                         ld          R7, [#fwCtrlExt/bvActiveTasks]
                                       ; ... currently active ...
001d ---- 6871                         ld          R6, [#fwCtrlExt/bvTaskInitializeReq]
001e ---- fd0e                         or          R7, R6
                                       ; ... and inactive ...
001f ---- 6873                         ld          R6, [#fwCtrlExt/bvTaskTerminateReq]
0020 ---- ed92                         inv         R6
0021 ---- fd06                         and         R7, R6
0022 ---- 7c6f                         st          R7, [#fwCtrlExt/bvActiveTasks]
               
                                       ; We're READY for another request
0023 ---- 642d                         iobset      #IOB_EVCTL_SWEV_READY, [#IOP_EVCTL_SWEVSET]
               
                                       ; Generate an ALERT interrupt if needed before powering back down
0024 ---- 0450                         jmp         GenAlertInterrupt;
               
               /handleReq:
                                       ; Restore the task ID, and load the function pointer (here to avoid pipeline hazard)
0025 ---- 786b                         ld          R7, [#fwCtrlInt/taskId]
0026 ---- 8f1f                         ld          R0, [R7+R0]
               
                                       ; Skip this request?
0027 ---- ed8f                         lsr         R6, R7
0028 ---- ec01                         tst         R6, #0x0001
0029 ---- be01                         bnz         /noSkip
002a ---- adb7                             rts
               /noSkip:
                                       ; Make the call by jump, with return (rts) in the "called" function
002b ---- 8db7                         jmp         R0
               
               
               
               
               AonRtcCh2Vector:
                                       ; Start clearing the RTC event
002c ---- 6630                         iobset      #IOB_WUC_WUEV_RTC, [#IOP_WUC_WUEVCLR]
               
                                       ; Clear the vector flag
002d ---- 6542                         iobset      #1, [#IOP_EVCTL_VECFLAGSCLR]
               
                                       ; For each task (R0 is the current task ID) ...
002e ---- 0000                         ld          R0, #0
               /loop:
                                           ; ... that is active ...
002f ---- 186f                             ld          R1, [#fwCtrlExt/bvActiveTasks]
0030 ---- 9d88                             lsr         R1, R0
0031 ---- 9c01                             tst         R1, #0x0001
0032 ---- b60d                             bz          /skip
               
                                               ; Fetch number of RTC intervals until next execution
0033 ---- 1067                                 ld          R1, #pFwTaskExecuteScheduleTable
0034 ---- af19                                 ld          R2, [R1+R0]
               
                                               ; If not already 0, decrement and store. If then 0 ...
0035 ---- aa00                                 cmp         R2, #0
0036 ---- b609                                 beq         /skip
0037 ---- a8ff                                 add         R2, #-1
0038 ---- af39                                 st          R2, [R1+R0]
0039 ---- be06                                 bnz         /skip
               
                                                   ; ... execute the task
003a ---- 0c6b                                     st          R0, [#fwCtrlInt/taskId]
003b ---- 8869                                     add         R0, #pFwTaskExecuteFuncTable
003c ---- 8f08                                     ld          R0, [R0]
                                                   ; Insert NOP to avoid pipeline hazard
003d ---- fd47                                     nop
003e ---- 9db7                                     jsr         R0
003f ---- 086b                                     ld          R0, [#fwCtrlInt/taskId]
               /skip:
                                           ; Move on to the next task
0040 ---- 8801                             add         R0, #1
               
0041 ---- 8a01                         cmp         R0, #TASK_COUNT
0042 ---- beec                         bneq        /loop
               
                                       ; Wait for the ACK event to be cleared
0043 ---- 262f /waitOnRtcClearing:     iobtst      #IOB_WUC_WUEV_RTC, [#IOP_WUC_WUEVFLAGS]
0044 ---- aefe                         biob1       /waitOnRtcClearing
0045 ---- 4630                         iobclr      #IOB_WUC_WUEV_RTC, [#IOP_WUC_WUEVCLR]
               
                                       ; Generate an ALERT interrupt if needed
0046 ---- 0450                         jmp         GenAlertInterrupt;
               
               
               
               
               Event0Vector:
                                       ; Disable and clear the vector flag
0047 ---- 5527                         iobclr      #IOB_EVCTL_VECCFG1_VEC2_EN, [#IOP_EVCTL_VECCFG1]
0048 ---- 6642                         iobset      #2, [#IOP_EVCTL_VECFLAGSCLR]
               
                                       ; Set the task ID
0049 ---- 0000                         ld          R0, #0
004a ---- 0c6b                         st          R0, [#fwCtrlInt/taskId]
               
                                       ; Jump to the event task code
004b ---- 140b                         jsr         FwEmptyFunc
               
                                       ; Generate an ALERT interrupt if needed
004c ---- 0450                         jmp         GenAlertInterrupt;
               
               
               
               
               TaskAlertAckVector:
                                       ; Clear the vector flag
004d ---- 6742                         iobset      #3, [#IOP_EVCTL_VECFLAGSCLR]
               
                                       ; Re-enable generation of ALERT interrupts
004e ---- 03ff                         ld          R0, #-1
004f ---- 0c6d                         st          R0, [#fwCtrlInt/alertGenMask]
               
                                       ; Fall through to GenAlertInterrupt to generate another ALERT interrupt if needed
               
               
               
               
               GenAlertInterrupt:
                                       ; Do we have any ALERT-generating flags pending?
0050 ---- 786c                         ld          R7, [#fwCtrlInt/bvTaskIoAlert]
               
                                       ; Skip if the last I/O ALERT interrupt has not been acknowledged
0051 ---- 686d                         ld          R6, [#fwCtrlInt/alertGenMask]
0052 ---- ed37                         tst         R6, R7
0053 ---- b605                         bz          /skip
               
                                           ; Transfer I/O flags from internal to external
0054 ---- 0000                             ld          R0, #0
0055 ---- 0c6c                             st          R0, [#fwCtrlInt/bvTaskIoAlert]
0056 ---- 7c70                             st          R7, [#fwCtrlExt/bvTaskIoAlert]
               
                                           ; Generate the ALERT interrupt, and clear the generation mask
0057 ---- 652d                             iobset      #IOB_EVCTL_SWEV_ALERT, [#IOP_EVCTL_SWEVSET]
0058 ---- 0c6d                             st          R0, [#fwCtrlInt/alertGenMask]
               /skip:
                                       ; Fall through to PowerDown ...
               
               
               
               
               PowerDown:
                                       ; If there are no unacknowledged ALERTs and no vectors pending ...
0059 ---- 786d                         ld          R7, [#fwCtrlInt/alertGenMask]
005a ---- 686e                         ld          R6, [#fwCtrlInt/alertCanPdAuxMask]
005b ---- fd0e                         or          R7, R6
005c ---- f801                         add         R7, #1 ; 0xFFFF -> 0x0000
005d ---- e92b                         in          R6, [#IOP_EVCTL_VECFLAGS]
005e ---- fd0e                         or          R7, R6
005f ---- be01                         bnz         /noPowerDown
               
                                           ; Assert the power-down request. We'll make sure that it has taken effect
                                           ; or been completely ignored when waking up again
0060 ---- 6436                             iobset      #0, [#IOP_WUC_PWRDWNREQ]
               /noPowerDown:
                                       ; Sleep until the next event
0061 ---- bdb7 sleepInstr:             sleep
               
               
               
               
0062 ---- 241a AdiDdiAcquire:          iobtst      #0, [#IOP_SMPH_SMPH0]
0063 ---- a6fe                         biob0       AdiDdiAcquire
0064 ---- adb7                         rts
               
0065 ---- 641a AdiDdiRelease:          iobset      #0, [#IOP_SMPH_SMPH0]
0066 ---- adb7                         rts
               
               
               
               
               pFwTaskExecuteScheduleTable:
0067 ---- 0000                         dw          #0
               pFwTaskInitializeFuncTable:
0068 ---- 0086                         dw          #readData/initialize
               pFwTaskExecuteFuncTable:
0069 ---- 0087                         dw          #readData/execute
               pFwTaskTerminateFuncTable:
006a ---- 0208                         dw          #readData/terminate
               
               
               ; Internal control data
               fwCtrlInt:
006b ---- 0000 /taskId:                dw          #0      ; ID of the currently running task
006c ---- 0000 /bvTaskIoAlert:         dw          #0x0000 ; LSB = Normal data exchange, MSB = Overflow or underflow
006d ---- ffff /alertGenMask:          dw          #0xFFFF ; Can generate an ALERT interrupt now? (0xFFFF = yes, 0x0000 = no)
006e ---- 0000 /alertCanPdAuxMask:     dw          #0x0000 ; Can power down AUX domain after ALERT interrupt generation? (0xFFFF = yes, 0x0000 = no)
               
               ; External control data, shared with the driver
               fwCtrlExt:
006f ---- 0000 /bvActiveTasks:         dw          #0x0000 ; Indicates which tasks are currently active
0070 ---- 0000 /bvTaskIoAlert:         dw          #0x0000 ; LSB = Normal data exchange, MSB = Overflow or underflow
0071 ---- 0000 /bvTaskInitializeReq:   dw          #0x0000 ; Requests tasks to start
0072 ---- 0000 /bvTaskExecuteReq:      dw          #0x0000 ; Requests tasks to execute once immediately
0073 ---- 0000 /bvTaskTerminateReq:    dw          #0x0000 ; Requests tasks to stop
               
               
               .segment end "Framework"
               
               
               fwTaskDataStructures:
               .segment begin "Task: ReadData"
               readData/cfg:
               readData/cfg/pAuxioAAnaInput:
0074 ---- 0007                         dw          #7
0075 ---- 0006                         dw          #6
0076 ---- 0005                         dw          #5
0077 ---- 0004                         dw          #4
0078 ---- 0003                         dw          #3
               readData/cfg/pAuxioOAuxPowEn:
0079 ---- 0008                         dw          #8
               readData/cfg/pAuxioOLedDriver:
007a ---- 0009                         dw          #9
               readData/input:
               readData/output:
               readData/output/AmbLight:
007b ---- 0000                         dw          #0
               readData/output/BatterySensor:
007c ---- 0000                         dw          #0
               readData/output/Conductivity:
007d ---- 0000                         dw          #0
               readData/output/HallSensor:
007e ---- 0000                         dw          #0
               readData/output/I2CError:
007f ---- 0000                         dw          #0
               readData/output/TemperatureSensor:
0080 ---- 0000                         dw          #0
               readData/output/colorBlue:
0081 ---- 0000                         dw          #0
               readData/output/colorClear:
0082 ---- 0000                         dw          #0
               readData/output/colorGreen:
0083 ---- 0000                         dw          #0
               readData/output/colorRed:
0084 ---- 0000                         dw          #0
               readData/state:
               readData/state/i2cStatus:
0085 ---- 0000                         dw          #0
               .segment end "Task: ReadData"
               
               
               .segment begin "Task: ReadData"
               readData/initialize:
               readData/initializeDone:
0086 ---- adb7                         rts         
               
               
               
               
               readData/execute:
               ;? //Check with briggs if we should have outputs for error checking
               ;? // Analog sensing logic - read the analog channel and save in output buffer
               ;? output.I2CError = 0;
0087 ---- 0000                         ld          R0, #0
0088 ---- 0c7f                         st          R0, [#readData/output/I2CError]
               ;? 
               ;? gpioSetOutput(cfg.pAuxioOAuxPowEn[0]);
0089 ---- 7879                         ld          R7, [#(readData/cfg/pAuxioOAuxPowEn + 0)]
008a ---- 1609                         jsr         gpioSetOutput
               ;? 
               ;? // delay between 1 to 5 ms
               ;? fwDelayUs(100000, FW_DELAY_RANGE_100_MS);
008b ---- 7093                         ld          R7, #(((100000 * 24 ) + ((1 << 14) - 1)) >> 14)
008c ---- 600e                         ld          R6, #14
008d ---- 1611                         jsr         FwDelay
               ;? //fwDelayUs(100000, FW_DELAY_RANGE_100_MS);
               ;? 
               ;? // turn on the power for LED_DRIVER
               ;? gpioSetOutput(cfg.pAuxioOLedDriver[0]);
008e ---- 787a                         ld          R7, [#(readData/cfg/pAuxioOLedDriver + 0)]
008f ---- 1609                         jsr         gpioSetOutput
               ;? 
               ;? //delay for the LED to turn on
               ;? fwDelayUs(100000, FW_DELAY_RANGE_100_MS);
0090 ---- 7093                         ld          R7, #(((100000 * 24 ) + ((1 << 14) - 1)) >> 14)
0091 ---- 600e                         ld          R6, #14
0092 ---- 1611                         jsr         FwDelay
               ;? 
               ;? //In order to prevent future errors with the I2C communication we need to read the water color ID register
               ;? U16 dummy = 0;
               ;? //Check which sensor is connected
               ;? i2cStart();
0093 ---- 6000                         ld          R6, #0x0000
0094 ---- 161d                         jsr         I2cStart
0095 ---- 6c85                         st          R6, [#readData/state/i2cStatus]
               ;? i2cTx( (ADDRESS << 1) | I2C_OP_WRITE);
0096 ---- 7052                         ld          R7, #82
0097 ---- 6885                         ld          R6, [#readData/state/i2cStatus]
0098 ---- 1634                         jsr         I2cTxByte
0099 ---- 6c85                         st          R6, [#readData/state/i2cStatus]
               ;? i2cTx( (COMMAND_BYTE | ID_REG) );
009a ---- 7092                         ld          R7, #146
009b ---- 6885                         ld          R6, [#readData/state/i2cStatus]
009c ---- 1634                         jsr         I2cTxByte
009d ---- 6c85                         st          R6, [#readData/state/i2cStatus]
               ;? i2cRepeatedStart();
009e ---- 6885                         ld          R6, [#readData/state/i2cStatus]
009f ---- 1617                         jsr         I2cRepeatedStart
00a0 ---- 6c85                         st          R6, [#readData/state/i2cStatus]
               ;? i2cTx( (ADDRESS << 1) | I2C_OP_READ);
00a1 ---- 7053                         ld          R7, #83
00a2 ---- 6885                         ld          R6, [#readData/state/i2cStatus]
00a3 ---- 1634                         jsr         I2cTxByte
00a4 ---- 6c85                         st          R6, [#readData/state/i2cStatus]
               ;? i2cRxAck(dummy);
00a5 ---- 7000                         ld          R7, #0x0000
00a6 ---- 6885                         ld          R6, [#readData/state/i2cStatus]
00a7 ---- 1652                         jsr         I2cRxByte
00a8 ---- 6c85                         st          R6, [#readData/state/i2cStatus]
               ;? i2cStop();
00a9 ---- 6885                         ld          R6, [#readData/state/i2cStatus]
00aa ---- 1671                         jsr         I2cStop
00ab ---- 6c85                         st          R6, [#readData/state/i2cStatus]
               ;? 
               ;? if(state.i2cStatus != 0x00){
00ac ---- 0885                         ld          R0, [#readData/state/i2cStatus]
00ad ---- 8a00                         cmp         R0, #0
00ae ---- b603                         beq         /id0176
               ;?     output.I2CError = output.I2CError | (1 << 0);
00af ---- 087f                             ld          R0, [#readData/output/I2CError]
00b0 ---- 8201                             or          R0, #1
00b1 ---- 0c7f                             st          R0, [#readData/output/I2CError]
               ;? }
               /id0176:
               ;? 
               ;? //confirm what the delays should be here
               ;? //fwDelayUs(100, FW_DELAY_RANGE_500_US);
               ;? 
               ;? //Set the RGB Integration time
               ;? i2cStart();
00b2 ---- 6000                         ld          R6, #0x0000
00b3 ---- 161d                         jsr         I2cStart
00b4 ---- 6c85                         st          R6, [#readData/state/i2cStatus]
               ;? i2cTx( (ADDRESS << 1) | I2C_OP_WRITE);
00b5 ---- 7052                         ld          R7, #82
00b6 ---- 6885                         ld          R6, [#readData/state/i2cStatus]
00b7 ---- 1634                         jsr         I2cTxByte
00b8 ---- 6c85                         st          R6, [#readData/state/i2cStatus]
               ;? i2cTx( (COMMAND_BYTE | A_TIME_REG) );
00b9 ---- 7081                         ld          R7, #129
00ba ---- 6885                         ld          R6, [#readData/state/i2cStatus]
00bb ---- 1634                         jsr         I2cTxByte
00bc ---- 6c85                         st          R6, [#readData/state/i2cStatus]
               ;? i2cTx( (INTG_24) );
00bd ---- 70ff                         ld          R7, #255
00be ---- 6885                         ld          R6, [#readData/state/i2cStatus]
00bf ---- 1634                         jsr         I2cTxByte
00c0 ---- 6c85                         st          R6, [#readData/state/i2cStatus]
               ;? i2cStop();
00c1 ---- 6885                         ld          R6, [#readData/state/i2cStatus]
00c2 ---- 1671                         jsr         I2cStop
00c3 ---- 6c85                         st          R6, [#readData/state/i2cStatus]
               ;? 
               ;? if(state.i2cStatus != 0x00){
00c4 ---- 0885                         ld          R0, [#readData/state/i2cStatus]
00c5 ---- 8a00                         cmp         R0, #0
00c6 ---- b603                         beq         /id0195
               ;?     output.I2CError = output.I2CError | (1 << 1);
00c7 ---- 087f                             ld          R0, [#readData/output/I2CError]
00c8 ---- 8202                             or          R0, #2
00c9 ---- 0c7f                             st          R0, [#readData/output/I2CError]
               ;? }
               /id0195:
               ;? 
               ;? //confirm what the delays should be here
               ;? //fwDelayUs(100, FW_DELAY_RANGE_500_US);
               ;? 
               ;? //Set the RGB Integration time
               ;? i2cStart();
00ca ---- 6000                         ld          R6, #0x0000
00cb ---- 161d                         jsr         I2cStart
00cc ---- 6c85                         st          R6, [#readData/state/i2cStatus]
               ;? i2cTx( (ADDRESS << 1) | I2C_OP_WRITE);
00cd ---- 7052                         ld          R7, #82
00ce ---- 6885                         ld          R6, [#readData/state/i2cStatus]
00cf ---- 1634                         jsr         I2cTxByte
00d0 ---- 6c85                         st          R6, [#readData/state/i2cStatus]
               ;? i2cTx( (COMMAND_BYTE | CTRL_REG) );
00d1 ---- 708f                         ld          R7, #143
00d2 ---- 6885                         ld          R6, [#readData/state/i2cStatus]
00d3 ---- 1634                         jsr         I2cTxByte
00d4 ---- 6c85                         st          R6, [#readData/state/i2cStatus]
               ;? i2cTx( (GAIN_4X) );
00d5 ---- 7001                         ld          R7, #1
00d6 ---- 6885                         ld          R6, [#readData/state/i2cStatus]
00d7 ---- 1634                         jsr         I2cTxByte
00d8 ---- 6c85                         st          R6, [#readData/state/i2cStatus]
               ;? i2cStop();
00d9 ---- 6885                         ld          R6, [#readData/state/i2cStatus]
00da ---- 1671                         jsr         I2cStop
00db ---- 6c85                         st          R6, [#readData/state/i2cStatus]
               ;? 
               ;? if(state.i2cStatus != 0x00){
00dc ---- 0885                         ld          R0, [#readData/state/i2cStatus]
00dd ---- 8a00                         cmp         R0, #0
00de ---- b603                         beq         /id0214
               ;?     output.I2CError = output.I2CError | (1 << 2);
00df ---- 087f                             ld          R0, [#readData/output/I2CError]
00e0 ---- 8204                             or          R0, #4
00e1 ---- 0c7f                             st          R0, [#readData/output/I2CError]
               ;? }
               /id0214:
               ;? 
               ;? //confirm what the delays should be here
               ;? //fwDelayUs(100, FW_DELAY_RANGE_500_US);
               ;? 
               ;? //Enable the Power on
               ;? i2cStart();
00e2 ---- 6000                         ld          R6, #0x0000
00e3 ---- 161d                         jsr         I2cStart
00e4 ---- 6c85                         st          R6, [#readData/state/i2cStatus]
               ;? i2cTx( (ADDRESS << 1) | I2C_OP_WRITE);
00e5 ---- 7052                         ld          R7, #82
00e6 ---- 6885                         ld          R6, [#readData/state/i2cStatus]
00e7 ---- 1634                         jsr         I2cTxByte
00e8 ---- 6c85                         st          R6, [#readData/state/i2cStatus]
               ;? i2cTx( (COMMAND_BYTE | ENABLE_REG) );
00e9 ---- 7080                         ld          R7, #128
00ea ---- 6885                         ld          R6, [#readData/state/i2cStatus]
00eb ---- 1634                         jsr         I2cTxByte
00ec ---- 6c85                         st          R6, [#readData/state/i2cStatus]
               ;? i2cTx(ENABLE_PON);
00ed ---- 7001                         ld          R7, #1
00ee ---- 6885                         ld          R6, [#readData/state/i2cStatus]
00ef ---- 1634                         jsr         I2cTxByte
00f0 ---- 6c85                         st          R6, [#readData/state/i2cStatus]
               ;? i2cStop();
00f1 ---- 6885                         ld          R6, [#readData/state/i2cStatus]
00f2 ---- 1671                         jsr         I2cStop
00f3 ---- 6c85                         st          R6, [#readData/state/i2cStatus]
               ;? 
               ;? if(state.i2cStatus != 0x00){
00f4 ---- 0885                         ld          R0, [#readData/state/i2cStatus]
00f5 ---- 8a00                         cmp         R0, #0
00f6 ---- b603                         beq         /id0233
               ;?     output.I2CError = output.I2CError | (1 << 3);
00f7 ---- 087f                             ld          R0, [#readData/output/I2CError]
00f8 ---- 8208                             or          R0, #8
00f9 ---- 0c7f                             st          R0, [#readData/output/I2CError]
               ;? }
               /id0233:
               ;? 
               ;? //confirm what the delays should be here
               ;? //fwDelayUs(100, FW_DELAY_RANGE_500_US);
               ;? //fwDelayUs(100000, FW_DELAY_RANGE_100_MS);
               ;? 
               ;? 
               ;? 
               ;? //Enable the Power on / AEN
               ;? i2cStart();
00fa ---- 6000                         ld          R6, #0x0000
00fb ---- 161d                         jsr         I2cStart
00fc ---- 6c85                         st          R6, [#readData/state/i2cStatus]
               ;? i2cTx( (ADDRESS << 1) | I2C_OP_WRITE);
00fd ---- 7052                         ld          R7, #82
00fe ---- 6885                         ld          R6, [#readData/state/i2cStatus]
00ff ---- 1634                         jsr         I2cTxByte
0100 ---- 6c85                         st          R6, [#readData/state/i2cStatus]
               ;? i2cTx( (COMMAND_BYTE | ENABLE_REG) );
0101 ---- 7080                         ld          R7, #128
0102 ---- 6885                         ld          R6, [#readData/state/i2cStatus]
0103 ---- 1634                         jsr         I2cTxByte
0104 ---- 6c85                         st          R6, [#readData/state/i2cStatus]
               ;? i2cTx(ENABLE_PON | ENABLE_AEN);
0105 ---- 7003                         ld          R7, #3
0106 ---- 6885                         ld          R6, [#readData/state/i2cStatus]
0107 ---- 1634                         jsr         I2cTxByte
0108 ---- 6c85                         st          R6, [#readData/state/i2cStatus]
               ;? i2cStop();
0109 ---- 6885                         ld          R6, [#readData/state/i2cStatus]
010a ---- 1671                         jsr         I2cStop
010b ---- 6c85                         st          R6, [#readData/state/i2cStatus]
               ;? 
               ;? if(state.i2cStatus != 0x00){
010c ---- 0885                         ld          R0, [#readData/state/i2cStatus]
010d ---- 8a00                         cmp         R0, #0
010e ---- b603                         beq         /id0252
               ;?     output.I2CError = output.I2CError | (1 << 4);
010f ---- 087f                             ld          R0, [#readData/output/I2CError]
0110 ---- 8210                             or          R0, #16
0111 ---- 0c7f                             st          R0, [#readData/output/I2CError]
               ;? }
               /id0252:
               ;? 
               ;? //confirm what the delays should be here
               ;? //fwDelayUs(100, FW_DELAY_RANGE_500_US);
               ;? 
               ;? 
               ;? //Read the color values
               ;? U16 low;
               ;? U16 high;
               ;? i2cStart();
0112 ---- 6000                         ld          R6, #0x0000
0113 ---- 161d                         jsr         I2cStart
0114 ---- 6c85                         st          R6, [#readData/state/i2cStatus]
               ;? i2cTx( (ADDRESS << 1) | I2C_OP_WRITE);
0115 ---- 7052                         ld          R7, #82
0116 ---- 6885                         ld          R6, [#readData/state/i2cStatus]
0117 ---- 1634                         jsr         I2cTxByte
0118 ---- 6c85                         st          R6, [#readData/state/i2cStatus]
               ;? i2cTx( (COMMAND_AUTO | COLORS) );
0119 ---- 70b4                         ld          R7, #180
011a ---- 6885                         ld          R6, [#readData/state/i2cStatus]
011b ---- 1634                         jsr         I2cTxByte
011c ---- 6c85                         st          R6, [#readData/state/i2cStatus]
               ;? i2cRepeatedStart();
011d ---- 6885                         ld          R6, [#readData/state/i2cStatus]
011e ---- 1617                         jsr         I2cRepeatedStart
011f ---- 6c85                         st          R6, [#readData/state/i2cStatus]
               ;? i2cTx( (ADDRESS << 1) | I2C_OP_READ);
0120 ---- 7053                         ld          R7, #83
0121 ---- 6885                         ld          R6, [#readData/state/i2cStatus]
0122 ---- 1634                         jsr         I2cTxByte
0123 ---- 6c85                         st          R6, [#readData/state/i2cStatus]
               ;? 
               ;? //Reading the color sensor
               ;? //Clear
               ;? i2cRxAck(low);
0124 ---- 7000                         ld          R7, #0x0000
0125 ---- 6885                         ld          R6, [#readData/state/i2cStatus]
0126 ---- 1652                         jsr         I2cRxByte
0127 ---- 6c85                         st          R6, [#readData/state/i2cStatus]
0128 ---- 8d47                         ld          R0, R7
               ;? i2cRxAck(high);
0129 ---- 7000                         ld          R7, #0x0000
012a ---- 6885                         ld          R6, [#readData/state/i2cStatus]
012b ---- 1652                         jsr         I2cRxByte
012c ---- 6c85                         st          R6, [#readData/state/i2cStatus]
               ;? output.colorClear = ((high << 8) | low);
012d ---- fda0                         lsl         R7, #8
012e ---- fd08                         or          R7, R0
012f ---- 7c82                         st          R7, [#readData/output/colorClear]
               ;? 
               ;? //Red
               ;? i2cRxAck(low);
0130 ---- 7000                         ld          R7, #0x0000
0131 ---- 6885                         ld          R6, [#readData/state/i2cStatus]
0132 ---- 1652                         jsr         I2cRxByte
0133 ---- 6c85                         st          R6, [#readData/state/i2cStatus]
0134 ---- 8d47                         ld          R0, R7
               ;? i2cRxAck(high);
0135 ---- 7000                         ld          R7, #0x0000
0136 ---- 6885                         ld          R6, [#readData/state/i2cStatus]
0137 ---- 1652                         jsr         I2cRxByte
0138 ---- 6c85                         st          R6, [#readData/state/i2cStatus]
               ;? output.colorRed = ((high << 8) | low);
0139 ---- fda0                         lsl         R7, #8
013a ---- fd08                         or          R7, R0
013b ---- 7c84                         st          R7, [#readData/output/colorRed]
               ;? 
               ;? //Green
               ;? i2cRxAck(low);
013c ---- 7000                         ld          R7, #0x0000
013d ---- 6885                         ld          R6, [#readData/state/i2cStatus]
013e ---- 1652                         jsr         I2cRxByte
013f ---- 6c85                         st          R6, [#readData/state/i2cStatus]
0140 ---- 8d47                         ld          R0, R7
               ;? i2cRxAck(high);
0141 ---- 7000                         ld          R7, #0x0000
0142 ---- 6885                         ld          R6, [#readData/state/i2cStatus]
0143 ---- 1652                         jsr         I2cRxByte
0144 ---- 6c85                         st          R6, [#readData/state/i2cStatus]
               ;? output.colorGreen = ((high << 8) | low);
0145 ---- fda0                         lsl         R7, #8
0146 ---- fd08                         or          R7, R0
0147 ---- 7c83                         st          R7, [#readData/output/colorGreen]
               ;? 
               ;? //Blue
               ;? i2cRxAck(low);
0148 ---- 7000                         ld          R7, #0x0000
0149 ---- 6885                         ld          R6, [#readData/state/i2cStatus]
014a ---- 1652                         jsr         I2cRxByte
014b ---- 6c85                         st          R6, [#readData/state/i2cStatus]
014c ---- 8d47                         ld          R0, R7
               ;? i2cRxAck(high);
014d ---- 7000                         ld          R7, #0x0000
014e ---- 6885                         ld          R6, [#readData/state/i2cStatus]
014f ---- 1652                         jsr         I2cRxByte
0150 ---- 6c85                         st          R6, [#readData/state/i2cStatus]
               ;? output.colorBlue = ((high << 8) | low);
0151 ---- fda0                         lsl         R7, #8
0152 ---- fd08                         or          R7, R0
0153 ---- 7c81                         st          R7, [#readData/output/colorBlue]
               ;? 
               ;? i2cStop();
0154 ---- 6885                         ld          R6, [#readData/state/i2cStatus]
0155 ---- 1671                         jsr         I2cStop
0156 ---- 6c85                         st          R6, [#readData/state/i2cStatus]
               ;? 
               ;? // TURN OFF THE LED
               ;? gpioClearOutput(cfg.pAuxioOLedDriver[0]);
0157 ---- 787a                         ld          R7, [#(readData/cfg/pAuxioOLedDriver + 0)]
0158 ---- 167c                         jsr         gpioClearOutput
               ;? 
               ;? // Delay for LED to turn off
               ;? fwDelayUs(50000, FW_DELAY_RANGE_100_MS);
0159 ---- 704a                         ld          R7, #(((50000 * 24 ) + ((1 << 14) - 1)) >> 14)
015a ---- 600e                         ld          R6, #14
015b ---- 1611                         jsr         FwDelay
               ;? 
               ;? // Enable the ADC
               ;? adcEnableSync(ADC_REF_FIXED, ADC_SAMPLE_TIME_2P7_US,ADC_TRIGGER_MANUAL);
015c ---- 705d                         ld          R7, #(((32 - 1) * 24) >> 3)
015d ---- 6003                         ld          R6, #3
015e ---- 1611                         jsr         FwDelay
015f ---- 7041                         ld          R7, #((0 | (((3 < 6) & (!0)) * ADI16_ADCREF_REF_ON_IDLE)) | ADI16_ADCREF_EN)
0160 ---- 1462                         jsr         AdiDdiAcquire
0161 ---- fb4d                         out         R7, [#IOP_ADISET_ADCREF]
0162 8609 7101                         ld          R7, #((9 << IOB_ANAIF_ADCCTL_START_SRC) | 0x0001)
0164 ---- 6431                         iobset      #IOB_WUC_ADCCLKCTL_REQ, [#IOP_WUC_ADCCLKCTL]
               /id0311:
0165 ---- 2531                         iobtst      #IOB_WUC_ADCCLKCTL_ACK, [#IOP_WUC_ADCCLKCTL]
0166 ---- a6fe                         biob0       /id0311
0167 ---- fb00                         out         R7, [#IOP_ANAIF_ADCCTL]
0168 ---- 7018                         ld          R7, #(3 << BI_ADI16_ADC_SMPL_CYCLE_EXP)
0169 ---- fb4c                         out         R7, [#IOP_ADISET_ADC]
016a ---- 7003                         ld          R7, #(ADI16_ADC_EN | ADI16_ADC_RESET_N)
016b ---- fb4c                         out         R7, [#IOP_ADISET_ADC]
016c ---- fd47                         nop         
016d ---- fb4c                         out         R7, [#IOP_ADISET_ADC]
016e ---- 1465                         jsr         AdiDdiRelease
               ;? 
               ;? // read & store the remaining adc values
               ;? adcGenManualTrigger();
016f ---- 6403                         iobset      #0, [#IOP_ANAIF_ADCTRIG]
               ;? 
               ;? U16 total;
               ;? U16 value;
               ;? 
               ;? //Read ADC Sensor Conductivity
               ;? total = 0;
0170 ---- 0000                         ld          R0, #0
               ;? adcSelectGpioInput(cfg.pAuxioAAnaInput[0]);
0171 ---- 7874                         ld          R7, [#(readData/cfg/pAuxioAAnaInput + 0)]
0172 ---- 1684                         jsr         AdccompbSelectGpioInput
               ;? adcGenManualTrigger();
0173 ---- 6403                         iobset      #0, [#IOP_ANAIF_ADCTRIG]
               ;? adcReadFifo(value);
0174 ---- 601f                         ld          R6, #EVCTL_SCEEVSEL_ADC_FIFO_NOT_EMPTY
0175 ---- eb2c                         out         R6, [#IOP_EVCTL_SCEWEVSEL]
0176 ---- fdb1                         wev1        #WEVSEL_PROG
0177 ---- e902                         in          R6, [#IOP_ANAIF_ADCFIFO]
               ;? total = total + value;
0178 ---- 8d26                         add         R0, R6
               ;? 
               ;? adcGenManualTrigger();
0179 ---- 6403                         iobset      #0, [#IOP_ANAIF_ADCTRIG]
               ;? adcReadFifo(value);
017a ---- 601f                         ld          R6, #EVCTL_SCEEVSEL_ADC_FIFO_NOT_EMPTY
017b ---- eb2c                         out         R6, [#IOP_EVCTL_SCEWEVSEL]
017c ---- fdb1                         wev1        #WEVSEL_PROG
017d ---- e902                         in          R6, [#IOP_ANAIF_ADCFIFO]
               ;? total = total + value;
017e ---- 8d26                         add         R0, R6
               ;? 
               ;? adcGenManualTrigger();
017f ---- 6403                         iobset      #0, [#IOP_ANAIF_ADCTRIG]
               ;? adcReadFifo(value);
0180 ---- 601f                         ld          R6, #EVCTL_SCEEVSEL_ADC_FIFO_NOT_EMPTY
0181 ---- eb2c                         out         R6, [#IOP_EVCTL_SCEWEVSEL]
0182 ---- fdb1                         wev1        #WEVSEL_PROG
0183 ---- e902                         in          R6, [#IOP_ANAIF_ADCFIFO]
               ;? total = total + value;
0184 ---- 8d26                         add         R0, R6
               ;? 
               ;? adcGenManualTrigger();
0185 ---- 6403                         iobset      #0, [#IOP_ANAIF_ADCTRIG]
               ;? adcReadFifo(value);
0186 ---- 601f                         ld          R6, #EVCTL_SCEEVSEL_ADC_FIFO_NOT_EMPTY
0187 ---- eb2c                         out         R6, [#IOP_EVCTL_SCEWEVSEL]
0188 ---- fdb1                         wev1        #WEVSEL_PROG
0189 ---- e902                         in          R6, [#IOP_ANAIF_ADCFIFO]
               ;? total = total + value;
018a ---- 8d26                         add         R0, R6
               ;? output.Conductivity = (total >> 2);
018b ---- 8daa                         lsr         R0, #2
018c ---- 0c7d                         st          R0, [#readData/output/Conductivity]
               ;? 
               ;? //Read ADC Sensor Temp
               ;? total = 0;
018d ---- 0000                         ld          R0, #0
               ;? adcSelectGpioInput(cfg.pAuxioAAnaInput[1]);
018e ---- 7875                         ld          R7, [#(readData/cfg/pAuxioAAnaInput + 1)]
018f ---- 1684                         jsr         AdccompbSelectGpioInput
               ;? adcGenManualTrigger();
0190 ---- 6403                         iobset      #0, [#IOP_ANAIF_ADCTRIG]
               ;? adcReadFifo(value);
0191 ---- 601f                         ld          R6, #EVCTL_SCEEVSEL_ADC_FIFO_NOT_EMPTY
0192 ---- eb2c                         out         R6, [#IOP_EVCTL_SCEWEVSEL]
0193 ---- fdb1                         wev1        #WEVSEL_PROG
0194 ---- e902                         in          R6, [#IOP_ANAIF_ADCFIFO]
               ;? total = total + value;
0195 ---- 8d26                         add         R0, R6
               ;? 
               ;? adcGenManualTrigger();
0196 ---- 6403                         iobset      #0, [#IOP_ANAIF_ADCTRIG]
               ;? adcReadFifo(value);
0197 ---- 601f                         ld          R6, #EVCTL_SCEEVSEL_ADC_FIFO_NOT_EMPTY
0198 ---- eb2c                         out         R6, [#IOP_EVCTL_SCEWEVSEL]
0199 ---- fdb1                         wev1        #WEVSEL_PROG
019a ---- e902                         in          R6, [#IOP_ANAIF_ADCFIFO]
               ;? total = total + value;
019b ---- 8d26                         add         R0, R6
               ;? 
               ;? adcGenManualTrigger();
019c ---- 6403                         iobset      #0, [#IOP_ANAIF_ADCTRIG]
               ;? adcReadFifo(value);
019d ---- 601f                         ld          R6, #EVCTL_SCEEVSEL_ADC_FIFO_NOT_EMPTY
019e ---- eb2c                         out         R6, [#IOP_EVCTL_SCEWEVSEL]
019f ---- fdb1                         wev1        #WEVSEL_PROG
01a0 ---- e902                         in          R6, [#IOP_ANAIF_ADCFIFO]
               ;? total = total + value;
01a1 ---- 8d26                         add         R0, R6
               ;? 
               ;? adcGenManualTrigger();
01a2 ---- 6403                         iobset      #0, [#IOP_ANAIF_ADCTRIG]
               ;? adcReadFifo(value);
01a3 ---- 601f                         ld          R6, #EVCTL_SCEEVSEL_ADC_FIFO_NOT_EMPTY
01a4 ---- eb2c                         out         R6, [#IOP_EVCTL_SCEWEVSEL]
01a5 ---- fdb1                         wev1        #WEVSEL_PROG
01a6 ---- e902                         in          R6, [#IOP_ANAIF_ADCFIFO]
               ;? total = total + value;
01a7 ---- 8d26                         add         R0, R6
               ;? output.TemperatureSensor = (total >> 2);
01a8 ---- 8daa                         lsr         R0, #2
01a9 ---- 0c80                         st          R0, [#readData/output/TemperatureSensor]
               ;? 
               ;? //Read ADC Sensor AmbLight
               ;? total = 0;
01aa ---- 0000                         ld          R0, #0
               ;? adcSelectGpioInput(cfg.pAuxioAAnaInput[2]);
01ab ---- 7876                         ld          R7, [#(readData/cfg/pAuxioAAnaInput + 2)]
01ac ---- 1684                         jsr         AdccompbSelectGpioInput
               ;? adcGenManualTrigger();
01ad ---- 6403                         iobset      #0, [#IOP_ANAIF_ADCTRIG]
               ;? adcReadFifo(value);
01ae ---- 601f                         ld          R6, #EVCTL_SCEEVSEL_ADC_FIFO_NOT_EMPTY
01af ---- eb2c                         out         R6, [#IOP_EVCTL_SCEWEVSEL]
01b0 ---- fdb1                         wev1        #WEVSEL_PROG
01b1 ---- e902                         in          R6, [#IOP_ANAIF_ADCFIFO]
               ;? total = total + value;
01b2 ---- 8d26                         add         R0, R6
               ;? 
               ;? adcGenManualTrigger();
01b3 ---- 6403                         iobset      #0, [#IOP_ANAIF_ADCTRIG]
               ;? adcReadFifo(value);
01b4 ---- 601f                         ld          R6, #EVCTL_SCEEVSEL_ADC_FIFO_NOT_EMPTY
01b5 ---- eb2c                         out         R6, [#IOP_EVCTL_SCEWEVSEL]
01b6 ---- fdb1                         wev1        #WEVSEL_PROG
01b7 ---- e902                         in          R6, [#IOP_ANAIF_ADCFIFO]
               ;? total = total + value;
01b8 ---- 8d26                         add         R0, R6
               ;? 
               ;? adcGenManualTrigger();
01b9 ---- 6403                         iobset      #0, [#IOP_ANAIF_ADCTRIG]
               ;? adcReadFifo(value);
01ba ---- 601f                         ld          R6, #EVCTL_SCEEVSEL_ADC_FIFO_NOT_EMPTY
01bb ---- eb2c                         out         R6, [#IOP_EVCTL_SCEWEVSEL]
01bc ---- fdb1                         wev1        #WEVSEL_PROG
01bd ---- e902                         in          R6, [#IOP_ANAIF_ADCFIFO]
               ;? total = total + value;
01be ---- 8d26                         add         R0, R6
               ;? 
               ;? adcGenManualTrigger();
01bf ---- 6403                         iobset      #0, [#IOP_ANAIF_ADCTRIG]
               ;? adcReadFifo(value);
01c0 ---- 601f                         ld          R6, #EVCTL_SCEEVSEL_ADC_FIFO_NOT_EMPTY
01c1 ---- eb2c                         out         R6, [#IOP_EVCTL_SCEWEVSEL]
01c2 ---- fdb1                         wev1        #WEVSEL_PROG
01c3 ---- e902                         in          R6, [#IOP_ANAIF_ADCFIFO]
               ;? total = total + value;
01c4 ---- 8d26                         add         R0, R6
               ;? output.AmbLight = (total >> 2);
01c5 ---- 8daa                         lsr         R0, #2
01c6 ---- 0c7b                         st          R0, [#readData/output/AmbLight]
               ;? 
               ;? //Read ADC Sensor Battery
               ;? total = 0;
01c7 ---- 0000                         ld          R0, #0
               ;? adcSelectGpioInput(cfg.pAuxioAAnaInput[3]);
01c8 ---- 7877                         ld          R7, [#(readData/cfg/pAuxioAAnaInput + 3)]
01c9 ---- 1684                         jsr         AdccompbSelectGpioInput
               ;? adcGenManualTrigger();
01ca ---- 6403                         iobset      #0, [#IOP_ANAIF_ADCTRIG]
               ;? adcReadFifo(value);
01cb ---- 601f                         ld          R6, #EVCTL_SCEEVSEL_ADC_FIFO_NOT_EMPTY
01cc ---- eb2c                         out         R6, [#IOP_EVCTL_SCEWEVSEL]
01cd ---- fdb1                         wev1        #WEVSEL_PROG
01ce ---- e902                         in          R6, [#IOP_ANAIF_ADCFIFO]
               ;? total = total + value;
01cf ---- 8d26                         add         R0, R6
               ;? 
               ;? adcGenManualTrigger();
01d0 ---- 6403                         iobset      #0, [#IOP_ANAIF_ADCTRIG]
               ;? adcReadFifo(value);
01d1 ---- 601f                         ld          R6, #EVCTL_SCEEVSEL_ADC_FIFO_NOT_EMPTY
01d2 ---- eb2c                         out         R6, [#IOP_EVCTL_SCEWEVSEL]
01d3 ---- fdb1                         wev1        #WEVSEL_PROG
01d4 ---- e902                         in          R6, [#IOP_ANAIF_ADCFIFO]
               ;? total = total + value;
01d5 ---- 8d26                         add         R0, R6
               ;? 
               ;? adcGenManualTrigger();
01d6 ---- 6403                         iobset      #0, [#IOP_ANAIF_ADCTRIG]
               ;? adcReadFifo(value);
01d7 ---- 601f                         ld          R6, #EVCTL_SCEEVSEL_ADC_FIFO_NOT_EMPTY
01d8 ---- eb2c                         out         R6, [#IOP_EVCTL_SCEWEVSEL]
01d9 ---- fdb1                         wev1        #WEVSEL_PROG
01da ---- e902                         in          R6, [#IOP_ANAIF_ADCFIFO]
               ;? total = total + value;
01db ---- 8d26                         add         R0, R6
               ;? 
               ;? adcGenManualTrigger();
01dc ---- 6403                         iobset      #0, [#IOP_ANAIF_ADCTRIG]
               ;? adcReadFifo(value);
01dd ---- 601f                         ld          R6, #EVCTL_SCEEVSEL_ADC_FIFO_NOT_EMPTY
01de ---- eb2c                         out         R6, [#IOP_EVCTL_SCEWEVSEL]
01df ---- fdb1                         wev1        #WEVSEL_PROG
01e0 ---- e902                         in          R6, [#IOP_ANAIF_ADCFIFO]
               ;? total = total + value;
01e1 ---- 8d26                         add         R0, R6
               ;? output.BatterySensor = (total >> 2);
01e2 ---- 8daa                         lsr         R0, #2
01e3 ---- 0c7c                         st          R0, [#readData/output/BatterySensor]
               ;? 
               ;? //Read ADC Sensor Hall
               ;? total = 0;
01e4 ---- 0000                         ld          R0, #0
               ;? adcSelectGpioInput(cfg.pAuxioAAnaInput[4]);
01e5 ---- 7878                         ld          R7, [#(readData/cfg/pAuxioAAnaInput + 4)]
01e6 ---- 1684                         jsr         AdccompbSelectGpioInput
               ;? adcGenManualTrigger();
01e7 ---- 6403                         iobset      #0, [#IOP_ANAIF_ADCTRIG]
               ;? adcReadFifo(value);
01e8 ---- 601f                         ld          R6, #EVCTL_SCEEVSEL_ADC_FIFO_NOT_EMPTY
01e9 ---- eb2c                         out         R6, [#IOP_EVCTL_SCEWEVSEL]
01ea ---- fdb1                         wev1        #WEVSEL_PROG
01eb ---- e902                         in          R6, [#IOP_ANAIF_ADCFIFO]
               ;? total = total + value;
01ec ---- 8d26                         add         R0, R6
               ;? 
               ;? adcGenManualTrigger();
01ed ---- 6403                         iobset      #0, [#IOP_ANAIF_ADCTRIG]
               ;? adcReadFifo(value);
01ee ---- 601f                         ld          R6, #EVCTL_SCEEVSEL_ADC_FIFO_NOT_EMPTY
01ef ---- eb2c                         out         R6, [#IOP_EVCTL_SCEWEVSEL]
01f0 ---- fdb1                         wev1        #WEVSEL_PROG
01f1 ---- e902                         in          R6, [#IOP_ANAIF_ADCFIFO]
               ;? total = total + value;
01f2 ---- 8d26                         add         R0, R6
               ;? 
               ;? adcGenManualTrigger();
01f3 ---- 6403                         iobset      #0, [#IOP_ANAIF_ADCTRIG]
               ;? adcReadFifo(value);
01f4 ---- 601f                         ld          R6, #EVCTL_SCEEVSEL_ADC_FIFO_NOT_EMPTY
01f5 ---- eb2c                         out         R6, [#IOP_EVCTL_SCEWEVSEL]
01f6 ---- fdb1                         wev1        #WEVSEL_PROG
01f7 ---- e902                         in          R6, [#IOP_ANAIF_ADCFIFO]
               ;? total = total + value;
01f8 ---- 8d26                         add         R0, R6
               ;? 
               ;? adcGenManualTrigger();
01f9 ---- 6403                         iobset      #0, [#IOP_ANAIF_ADCTRIG]
               ;? adcReadFifo(value);
01fa ---- 601f                         ld          R6, #EVCTL_SCEEVSEL_ADC_FIFO_NOT_EMPTY
01fb ---- eb2c                         out         R6, [#IOP_EVCTL_SCEWEVSEL]
01fc ---- fdb1                         wev1        #WEVSEL_PROG
01fd ---- e902                         in          R6, [#IOP_ANAIF_ADCFIFO]
               ;? total = total + value;
01fe ---- 8d26                         add         R0, R6
               ;? output.HallSensor = (total >> 2);
01ff ---- 8daa                         lsr         R0, #2
0200 ---- 0c7e                         st          R0, [#readData/output/HallSensor]
               ;? 
               ;? //End Reading ADC Sensors
               ;? 
               ;? 
               ;? // disable ADC
               ;? adcDisable( );
0201 ---- 1691                         jsr         AdcDisable
               ;? 
               ;? // Power down the AUX POWER
               ;? gpioClearOutput(cfg.pAuxioOAuxPowEn[0]);
0202 ---- 7879                         ld          R7, [#(readData/cfg/pAuxioOAuxPowEn + 0)]
0203 ---- 167c                         jsr         gpioClearOutput
               ;? 
               ;? // Generate interrupt
               ;? fwGenAlertInterrupt();
0204 ---- 086c                         ld          R0, [#fwCtrlInt/bvTaskIoAlert]
0205 ---- 8201                         or          R0, #(1 << 0)
0206 ---- 0c6c                         st          R0, [#fwCtrlInt/bvTaskIoAlert]
               readData/executeDone:
0207 ---- adb7                         rts         
               
               
               
               
               readData/terminate:
               readData/terminateDone:
0208 ---- adb7                         rts         
               .segment end "Task: ReadData"
               
               
               .segment begin "Procedure Libary"
               ; PARAMETERS:
               ;     R7 = AUX I/O index
               ;
               ; CLOBBERS:
               ;     R5, R6, R7
               gpioSetOutput:
                                       ; Calculate the I/O register address
0209 ---- ed47                         ld          R6, R7
020a ---- edab                         lsr         R6, #3
020b ---- e814                         add         R6, #IOP_AIODIO0_GPIODOUTSET
               
                                       ; Create the bit-vector to be used for manipulation
020c ---- f007                         and         R7, #0x0007
020d ---- 5001                         ld          R5, #1
020e ---- dd87                         lsl         R5, R7
               
                                       ; Set the GPIO
020f ---- df26                         out         R5, [R6]
0210 ---- adb7                         rts
               
               
               
               
               ; 3 + 5 CPU cycles = 16 clock cycles = 0.66 microsecond are added to the specified delay (parameter
               ; loading and timer configuration)
               ;
               ; PARAMETERS:
               ;     R7 = Delay
               ;     R6 = Prescaler exponent
               ;
               ; CLOBBERS:
               ;     R6
               FwDelay:
                                       ; Set the delay
0211 ---- fb0c                         out         R7, [#IOP_TIMER_T0TARGET]
               
                                       ; Configure the timer (from clock, single-mode, prescaler exponent = R6)
0212 ---- eda4                         lsl         R6, #4
0213 ---- eb09                         out         R6, [#IOP_TIMER_T0CFG]
               
                                       ; Start the timer, wait for it to trigger, and stop it
0214 ---- 640b                         iobset      #0, [#IOP_TIMER_T0CTL]
0215 ---- cdb1                         wev1        #WEVSEL_TIMER0
0216 ---- adb7                         rts
               
               
               
               
               ; CLOBBERS:
               ;     R5
               I2cRepeatedStart:
                                       ; Wait T_LOW (SDA is already pull-up)
0217 ---- 53c6                         ld          R5, #-((I2C_BASE_DELAY + I2C_EXT_DELAY) - (1))
0218 ---- 1622                         jsr         I2cWaitDelay
               
                                       ; SCL = pull-up
0219 ---- 670f                         iobset      #(AUXIO_I2C_SCL & 0x7), [#(IOP_AIODIO0_GPIODOUT + (AUXIO_I2C_SCL >> 3))]
               
                                       ; Wait for SCL stretching to end or time out
021a ---- 1625                         jsr         I2cWaitSclStretch
               
                                       ; Wait T_SU_STA
021b ---- 53c6                         ld          R5, #-((I2C_BASE_DELAY + I2C_EXT_DELAY) - (1))
021c ---- 1622                         jsr         I2cWaitDelay
               I2cStart:
                                       ; SDA = driven low
021d ---- 460f                         iobclr      #(AUXIO_I2C_SDA & 0x7), [#(IOP_AIODIO0_GPIODOUT + (AUXIO_I2C_SDA >> 3))]
               
                                       ; Wait T_HD_STA
021e ---- 53ca                         ld          R5, #-((I2C_BASE_DELAY) - (1))
021f ---- 1622                         jsr         I2cWaitDelay
               
                                       ; SCL = driven low
0220 ---- 470f                         iobclr      #(AUXIO_I2C_SCL & 0x7), [#(IOP_AIODIO0_GPIODOUT + (AUXIO_I2C_SCL >> 3))]
               
                                       ; Done
0221 ---- adb7                         rts
               
               
               
               
               ; PARAMETERS
               ;     R5 = Delay excluding the I2cWaitDelay() call, in instruction cycles
               ;
               ; CLOBBERS:
               ;     R5
               I2cWaitDelay:
                                       ; Wait for the specified number of cycles
0222 ---- d802 /waitLoop:                  add         R5, #2
0223 ---- defe                         bneg        /waitLoop
               
                                       ; Done
0224 ---- adb7                         rts
               
               
               
               
               ; PARAMETERS:
               ;     R6 = Status flags
               ;
               ; RETURN VALUES:
               ;     R6 = Updated status flags
               ;
               ; CLOBBERS:
               ;     R5
               I2cWaitSclStretch:
                                       ; Load the timeout (up to 20 ms) loop counter = configured number of us
0225 ---- 53f6                         ld          R5, #(-I2C_STRETCH_TIMEOUT_US)
               /waitLoop:
                                           ; If SCL is high, we're done
0226 ---- 2713                             iobtst      #(AUXIO_I2C_SCL & 0x7), [#(IOP_AIODIO0_GPIODIN + (AUXIO_I2C_SCL >> 3))]
0227 ---- ae0b                             biob1       /done
                                           ; Unroll the loop to 12 instructions = 1 per loop for faster response
0228 ---- 2713                             iobtst      #(AUXIO_I2C_SCL & 0x7), [#(IOP_AIODIO0_GPIODIN + (AUXIO_I2C_SCL >> 3))]
0229 ---- ae09                             biob1       /done
022a ---- 2713                             iobtst      #(AUXIO_I2C_SCL & 0x7), [#(IOP_AIODIO0_GPIODIN + (AUXIO_I2C_SCL >> 3))]
022b ---- ae07                             biob1       /done
022c ---- 2713                             iobtst      #(AUXIO_I2C_SCL & 0x7), [#(IOP_AIODIO0_GPIODIN + (AUXIO_I2C_SCL >> 3))]
022d ---- ae05                             biob1       /done
022e ---- 2713                             iobtst      #(AUXIO_I2C_SCL & 0x7), [#(IOP_AIODIO0_GPIODIN + (AUXIO_I2C_SCL >> 3))]
022f ---- ae03                             biob1       /done
               
0230 ---- d801                         add         R5, #1;
0231 ---- bef4                         bnz         /waitLoop
               
               /timeout:               ; Timeout has occurred, so OR it into the flags and bail out
0232 ---- e202                         or          R6, #0x0002
               
               /done:                  ; Done
0233 ---- adb7                         rts
               
               
               
               
               ; PARAMETERS:
               ;     R7 = TX byte shift register
               ;     R6 = Status flags
               ;
               ; RETURN VALUES:
               ;     R7 = Updated TX byte shift register
               ;     R6 = Updated status flags
               ;
               ; CLOBBERS:
               ;     R5
               I2cTxByte:
                                       ; Bail out if an error has occurred
0234 ---- ea00                         cmp         R6, #0
0235 ---- be1b                         bnz         /done
               
               
                                       ; Transmit each bit in the data byte ...
0236 ---- b50e                         loop        #8, /byteLoopEnd
               
                                           ; Output the bit to SDA
0237 ---- fda1                             lsl         R7, #1
0238 8601 fc00                             tst         R7, #0x0100
023a ---- b602                             bz          /dataSdaLow
023b ---- 660f /dataSdaHigh:                   iobset      #(AUXIO_I2C_SDA & 0x7), [#(IOP_AIODIO0_GPIODOUT + (AUXIO_I2C_SDA >> 3))]
023c ---- 8e02                             bra         /dataSdaDone
023d ---- 460f /dataSdaLow:                    iobclr      #(AUXIO_I2C_SDA & 0x7), [#(IOP_AIODIO0_GPIODOUT + (AUXIO_I2C_SDA >> 3))]
023e ---- fd47                             nop
               /dataSdaDone:
                                           ; Wait T_LOW
023f ---- 53cc                             ld          R5, #-((I2C_BASE_DELAY + I2C_EXT_DELAY) - (7))
0240 ---- 1622                             jsr         I2cWaitDelay
               
                                           ; SCL = pull-up
0241 ---- 670f                             iobset      #(AUXIO_I2C_SCL & 0x7), [#(IOP_AIODIO0_GPIODOUT + (AUXIO_I2C_SCL >> 3))]
               
                                           ; Wait for SCL stretching to end or time out
0242 ---- 1625                             jsr         I2cWaitSclStretch
               
                                           ; Wait T_HIGH
0243 ---- 53cf                             ld          R5, #-(I2C_BASE_DELAY - (I2C_WAIT_STRETCH_DELAY + 1))
0244 ---- 1622                             jsr         I2cWaitDelay
               
                                           ; SCL = driven low
0245 ---- 470f                             iobclr      #(AUXIO_I2C_SCL & 0x7), [#(IOP_AIODIO0_GPIODOUT + (AUXIO_I2C_SCL >> 3))]
               /byteLoopEnd:
               
                                       ; Receive the ACK bit
                                       ; SDA = pull-up
0246 ---- 660f                         iobset      #(AUXIO_I2C_SDA & 0x7), [#(IOP_AIODIO0_GPIODOUT + (AUXIO_I2C_SDA >> 3))]
               
                                       ; Wait T_LOW
0247 ---- 53c6                         ld          R5, #-((I2C_BASE_DELAY + I2C_EXT_DELAY) - (1))
0248 ---- 1622                         jsr         I2cWaitDelay
               
                                       ; SCL = pull-up
0249 ---- 670f                         iobset      #(AUXIO_I2C_SCL & 0x7), [#(IOP_AIODIO0_GPIODOUT + (AUXIO_I2C_SCL >> 3))]
               
                                       ; Wait for SCL stretching to end or time out
024a ---- 1625                         jsr         I2cWaitSclStretch
               
                                       ; Wait T_HIGH
024b ---- 53cc                         ld          R5, #-((I2C_BASE_DELAY) - (3))
024c ---- 1622                         jsr         I2cWaitDelay
               
                                       ; Read and store the SDA value in the status word
024d ---- 2613                         iobtst      #(AUXIO_I2C_SDA & 0x7), [#(IOP_AIODIO0_GPIODIN + (AUXIO_I2C_SDA >> 3))]
024e ---- a601                         biob0       /ackSdaLow
024f ---- e201                             or          R6, #0x01
               /ackSdaLow:
                                       ; SCL = driven low
0250 ---- 470f                         iobclr      #(AUXIO_I2C_SCL & 0x7), [#(IOP_AIODIO0_GPIODOUT + (AUXIO_I2C_SCL >> 3))]
               
               
               /done:                  ; Done
0251 ---- adb7                         rts
               
               
               
               
               ; PARAMETERS:
               ;     R7 = Acknowledgment bit value, 0x0000 to transmit ACK, 0x0001 to transmit NAK
               ;     R6 = Status flags
               ;
               ; RETURN VALUES:
               ;     R7 = RX byte shift register
               ;     R6 = Updated status flags
               ;
               ; CLOBBERS:
               ;     R5
               I2cRxByte:
                                       ; Bail out if an error has occurred
0252 ---- ea00                         cmp         R6, #0
0253 ---- be1c                         bnz         /done
               
               
                                       ; Receive each bit in the data byte ...
0254 ---- b50b                         loop        #8, /byteLoopEnd
               
                                           ; SDA = pull-up
0255 ---- 660f                             iobset      #(AUXIO_I2C_SDA & 0x7), [#(IOP_AIODIO0_GPIODOUT + (AUXIO_I2C_SDA >> 3))]
               
                                           ; Wait T_LOW
0256 ---- 53c7                             ld          R5, #-((I2C_BASE_DELAY + I2C_EXT_DELAY) - (2))
0257 ---- 1622                             jsr         I2cWaitDelay
               
                                           ; SCL = pull-up
0258 ---- 670f                             iobset      #(AUXIO_I2C_SCL & 0x7), [#(IOP_AIODIO0_GPIODOUT + (AUXIO_I2C_SCL >> 3))]
               
                                           ; Wait for SCL stretching to end or time out
0259 ---- 1625                             jsr         I2cWaitSclStretch
               
                                           ; Wait T_HIGH
025a ---- 53d1                             ld          R5, #-((I2C_BASE_DELAY) - (I2C_WAIT_STRETCH_DELAY + 3))
025b ---- 1622                             jsr         I2cWaitDelay
               
                                           ; Read and store SDA
025c ---- fda1                             lsl         R7, #1
025d ---- 2613                             iobtst      #(AUXIO_I2C_SDA & 0x7), [#(IOP_AIODIO0_GPIODIN + (AUXIO_I2C_SDA >> 3))]
025e ---- a601                             biob0       /dataSdaLow
025f ---- f201                                 or          R7, #0x01
               /dataSdaLow:
                                           ; SCL = driven low
0260 ---- 470f                             iobclr      #(AUXIO_I2C_SCL & 0x7), [#(IOP_AIODIO0_GPIODOUT + (AUXIO_I2C_SCL >> 3))]
               /byteLoopEnd:
               
                                       ; Transmit the ACK bit, which is now in bit 8 of the shift register
                                       ; Output the bit to SDA
0261 8601 fc00                         tst         R7, #0x0100
0263 ---- b602                         bz          /ackSdaLow
0264 ---- 660f /ackSdaHigh:                iobset      #(AUXIO_I2C_SDA & 0x7), [#(IOP_AIODIO0_GPIODOUT + (AUXIO_I2C_SDA >> 3))]
0265 ---- 8e02                         bra         /ackSdaDone
0266 ---- 460f /ackSdaLow:                 iobclr      #(AUXIO_I2C_SDA & 0x7), [#(IOP_AIODIO0_GPIODOUT + (AUXIO_I2C_SDA >> 3))]
0267 ---- fd47                         nop
               /ackSdaDone:
                                       ; Wait T_LOW
0268 ---- 53cb                         ld          R5, #-((I2C_BASE_DELAY + I2C_EXT_DELAY) - (6))
0269 ---- 1622                         jsr         I2cWaitDelay
               
                                       ; SCL = pull-up
026a ---- 670f                         iobset      #(AUXIO_I2C_SCL & 0x7), [#(IOP_AIODIO0_GPIODOUT + (AUXIO_I2C_SCL >> 3))]
               
                                       ; Wait for SCL stretching to end or time out
026b ---- 1625                         jsr         I2cWaitSclStretch
               
                                       ; Wait T_HIGH
026c ---- 53cf                         ld          R5, #-((I2C_BASE_DELAY) - (I2C_WAIT_STRETCH_DELAY + 1))
026d ---- 1622                         jsr         I2cWaitDelay
               
                                       ; SCL = driven low
026e ---- 470f                         iobclr      #(AUXIO_I2C_SCL & 0x7), [#(IOP_AIODIO0_GPIODOUT + (AUXIO_I2C_SCL >> 3))]
               
                                       ; Mask the ACK bit in the received data
026f ---- f0ff                         and         R7, #0xFF
               
               
               /done:                  ; Done
0270 ---- adb7                         rts
               
               
               
               
               ; CLOBBERS:
               ;     R5
               I2cStop:
                                       ; SDA = driven low
0271 ---- 460f                         iobclr      #(AUXIO_I2C_SDA & 0x7), [#(IOP_AIODIO0_GPIODOUT + (AUXIO_I2C_SDA >> 3))]
               
                                       ; Wait T_LOW
0272 ---- 53c6                         ld          R5, #-((I2C_BASE_DELAY + I2C_EXT_DELAY) - (1))
0273 ---- 1622                         jsr         I2cWaitDelay
               
                                       ; SCL = pull-up
0274 ---- 670f                         iobset      #(AUXIO_I2C_SCL & 0x7), [#(IOP_AIODIO0_GPIODOUT + (AUXIO_I2C_SCL >> 3))]
               
                                       ; Wait for SCL stretching to end or time out
0275 ---- 1625                         jsr         I2cWaitSclStretch
               
                                       ; Wait T_SU_STO
0276 ---- 53cf                         ld          R5, #-((I2C_BASE_DELAY) - (I2C_WAIT_STRETCH_DELAY + 1))
0277 ---- 1622                         jsr         I2cWaitDelay
               
                                       ; SDA = pull-up
0278 ---- 660f                         iobset      #(AUXIO_I2C_SDA & 0x7), [#(IOP_AIODIO0_GPIODOUT + (AUXIO_I2C_SDA >> 3))]
               
                                       ; Wait T_BUF
0279 ---- 53c7                         ld          R5, #-((I2C_BASE_DELAY + I2C_EXT_DELAY) - (2))
027a ---- 1622                         jsr         I2cWaitDelay
               
                                       ; Done
027b ---- adb7                         rts
               
               
               
               
               ; PARAMETERS:
               ;     R7 = AUX I/O index
               ;
               ; CLOBBERS:
               ;     R5, R6, R7
               gpioClearOutput:
                                       ; Calculate the I/O register address
027c ---- ed47                         ld          R6, R7
027d ---- edab                         lsr         R6, #3
027e ---- e816                         add         R6, #IOP_AIODIO0_GPIODOUTCLR
               
                                       ; Create the bit-vector to be used for manipulation
027f ---- f007                         and         R7, #0x0007
0280 ---- 5001                         ld          R5, #1
0281 ---- dd87                         lsl         R5, R7
               
                                       ; Set the GPIO
0282 ---- df26                         out         R5, [R6]
0283 ---- adb7                         rts
               
               
               
               
               ; PARAMETERS:
               ;     R7 = AUX I/O index (0-7)
               ;
               ; CLOBBERS:
               ;     R6, R7
               AdccompbSelectGpioInput:
                                       ; Make sure that the AUX I/O index is valid
0284 ---- f007                         and         R7, #0x0007
               
                                       ; Disconnect all signals
0285 ---- 1462                         jsr         AdiDdiAcquire
0286 86ff 63f8                         ld          R6, #(BV_ADI16_MUX2_ADCCOMPB_IN | BV_ADI16_MUX3_ADCCOMPB_IN)
0288 ---- eb51                         out         R6, [#IOP_ADICLR_MUX2_MUX3]
               
                                       ; Connect the specified GPIO
0289 8680 6000                         ld          R6, #ADI16_MUX3_ADCCOMPB_IN_AUXIO0
028b ---- ed8f                         lsr         R6, R7
028c ---- eb49                         out         R6, [#IOP_ADISET_MUX2_MUX3]
               
                                       ; Ensure that it has taken effect
028d ---- fd47                         nop         ; Workaround for back-to-back ADI/DDI accesses
028e ---- eb49                         out         R6, [#IOP_ADISET_MUX2_MUX3]
028f ---- 1465                         jsr         AdiDdiRelease
0290 ---- adb7                         rts
               
               
               
               
               ; CLOBBERS:
               ;     R7
               AdcDisable:
                                       ; Disable the ADC reference
0291 ---- 1462                         jsr         AdiDdiAcquire
0292 ---- 7079                         ld          R7, #((ADI16_ADCREF_EN | ADI16_ADCREF_REF_ON_IDLE) | (ADI16_ADCREF_SRC | (ADI16_ADCREF_EXT | ADI16_ADCREF_IOMUX)))
0293 ---- fb55                         out         R7, [#IOP_ADICLR_ADCREF]
               
                                       ; Assert reset and disable the ADC
0294 ---- 71fb                         ld          R7, #((ADI16_ADC_EN | ADI16_ADC_RESET_N) | (BV_ADI16_ADC_SMPL_CYCLE_EXP | (BV_ADI16_ADC_SMPL_MODE | ADI16_ADC_SCALE_DIS)))
0295 ---- fb54                         out         R7, [#IOP_ADICLR_ADC]
               
                                       ; Ensure that it has taken effect
0296 ---- fd47                         nop         ; Workaround for back-to-back ADI/DDI accesses
0297 ---- fb54                         out         R7, [#IOP_ADICLR_ADC]
0298 ---- 1465                         jsr         AdiDdiRelease
               
                                       ; Disable the ADC clock (no need to wait since IOB_WUC_ADCCLKCTL_ACK goes low immediately)
0299 ---- 4431                         iobclr      #IOB_WUC_ADCCLKCTL_REQ, [#IOP_WUC_ADCCLKCTL]
               
                                       ; Disable the ADC data interface
029a ---- 4400                         iobclr      #0, [#IOP_ANAIF_ADCCTL]
               
029b ---- adb7                         rts
               .segment end "Procedure Libary"
               

; Generated by MCT163S08 at 2018-04-26 21:44:17.239
